2018-11-04 00:27:41,157 - atari_wrapper - INFO - ALE lives: 3
2018-11-04 00:27:41,157 - atari_wrapper - INFO - ALE frameskip: 1 / 1
2018-11-04 00:27:41,157 - atari_wrapper - INFO - ALE repeat_action_probability: 0.0
2018-11-04 00:27:41,157 - atari_wrapper - INFO - Gym action_space: Discrete(6)
2018-11-04 00:27:41,158 - atari_wrapper - INFO - AtariWrapper frameskip: 1
2018-11-04 00:27:41,158 - atari_wrapper - INFO - AtariWrapper noop_max: 30
2018-11-04 00:27:41,158 - atari_wrapper - INFO - EpisodicLifeEnv: True
2018-11-04 00:27:41,158 - atari_wrapper - INFO - FireResetEnv: True
2018-11-04 00:27:41,158 - atari_wrapper - INFO - WarpFrame: True
2018-11-04 00:27:41,158 - atari_wrapper - INFO - HumanDemoEnv: True
2018-11-04 00:27:41,485 - game_state - INFO - ['NOOP', 'FIRE', 'RIGHT', 'LEFT', 'RIGHTFIRE', 'LEFTFIRE']
2018-11-04 00:32:32,989 - collect_demo - INFO - Duration: 0:04:41.404429
2018-11-04 00:32:32,989 - collect_demo - INFO - Total steps: 16884
2018-11-04 00:32:32,990 - collect_demo - INFO - Total reward: 3840.0
2018-11-04 00:32:32,990 - collect_demo - INFO - Total Replay memory saved: 4235
2018-11-04 00:32:32,990 - replay_memory - INFO - Resizing replay memory...
2018-11-04 00:32:32,990 - replay_memory - DEBUG - Current specs: size=4235 max_steps=100000
2018-11-04 00:32:32,990 - replay_memory - DEBUG -     images shape: (100000, 84, 84)
2018-11-04 00:32:32,991 - replay_memory - DEBUG -     actions shape: (100000,)
2018-11-04 00:32:32,991 - replay_memory - DEBUG -     rewards shape: (100000,)
2018-11-04 00:32:32,991 - replay_memory - DEBUG -     terminal shape: (100000,)
2018-11-04 00:32:32,991 - replay_memory - DEBUG -     lives shape: (100000,)
2018-11-04 00:32:32,991 - replay_memory - DEBUG -     full_state shape: (100000, 1017)
2018-11-04 00:32:33,109 - replay_memory - INFO - Resizing completed!
2018-11-04 00:32:33,109 - replay_memory - DEBUG - Updated specs: size=4235 max_steps=4235
2018-11-04 00:32:33,109 - replay_memory - DEBUG -     images shape: (4235, 84, 84)
2018-11-04 00:32:33,109 - replay_memory - DEBUG -     actions shape: (4235,)
2018-11-04 00:32:33,109 - replay_memory - DEBUG -     rewards shape: (4235,)
2018-11-04 00:32:33,109 - replay_memory - DEBUG -     terminal shape: (4235,)
2018-11-04 00:32:33,110 - replay_memory - DEBUG -     lives shape: (4235,)
2018-11-04 00:32:33,110 - replay_memory - DEBUG -     full_state shape: (4235, 1017)
2018-11-04 00:32:33,117 - replay_memory - INFO - Compressing and saving replay memory...
2018-11-04 00:32:33,330 - replay_memory - INFO - Compressed and saved replay memory
2018-11-04 00:37:32,239 - collect_demo - INFO - Duration: 0:03:56.787472
2018-11-04 00:37:32,240 - collect_demo - INFO - Total steps: 14207
2018-11-04 00:37:32,240 - collect_demo - INFO - Total reward: 2510.0
2018-11-04 00:37:32,240 - collect_demo - INFO - Total Replay memory saved: 3566
2018-11-04 00:37:32,240 - replay_memory - INFO - Resizing replay memory...
2018-11-04 00:37:32,240 - replay_memory - DEBUG - Current specs: size=3566 max_steps=100000
2018-11-04 00:37:32,240 - replay_memory - DEBUG -     images shape: (100000, 84, 84)
2018-11-04 00:37:32,241 - replay_memory - DEBUG -     actions shape: (100000,)
2018-11-04 00:37:32,241 - replay_memory - DEBUG -     rewards shape: (100000,)
2018-11-04 00:37:32,241 - replay_memory - DEBUG -     terminal shape: (100000,)
2018-11-04 00:37:32,241 - replay_memory - DEBUG -     lives shape: (100000,)
2018-11-04 00:37:32,241 - replay_memory - DEBUG -     full_state shape: (100000, 1017)
2018-11-04 00:37:32,357 - replay_memory - INFO - Resizing completed!
2018-11-04 00:37:32,357 - replay_memory - DEBUG - Updated specs: size=3566 max_steps=3566
2018-11-04 00:37:32,357 - replay_memory - DEBUG -     images shape: (3566, 84, 84)
2018-11-04 00:37:32,357 - replay_memory - DEBUG -     actions shape: (3566,)
2018-11-04 00:37:32,357 - replay_memory - DEBUG -     rewards shape: (3566,)
2018-11-04 00:37:32,358 - replay_memory - DEBUG -     terminal shape: (3566,)
2018-11-04 00:37:32,358 - replay_memory - DEBUG -     lives shape: (3566,)
2018-11-04 00:37:32,358 - replay_memory - DEBUG -     full_state shape: (3566, 1017)
2018-11-04 00:37:32,364 - replay_memory - INFO - Compressing and saving replay memory...
2018-11-04 00:37:32,540 - replay_memory - INFO - Compressed and saved replay memory
2018-11-04 00:37:32,558 - collect_demo - DEBUG - steps / episode: [16884, 14207]
2018-11-04 00:37:32,559 - collect_demo - DEBUG - reward / episode: [3840.0, 2510.0]
2018-11-04 00:37:32,559 - collect_demo - DEBUG - mean steps: 15545.5 / mean reward: 3175.0
2018-11-04 00:37:32,559 - collect_demo - DEBUG - duration / episode:
2018-11-04 00:37:32,559 - collect_demo - DEBUG -     0:04:41.404429
2018-11-04 00:37:32,559 - collect_demo - DEBUG -     0:03:56.787472
2018-11-04 00:37:32,560 - collect_demo - DEBUG - total duration: 0:08:38.191901
2018-11-04 00:37:32,560 - collect_demo - DEBUG - mem size / episode: [4235, 3566]
2018-11-04 00:37:32,560 - collect_demo - DEBUG - total memory size: 7801
2018-11-04 00:37:32,560 - collect_demo - DEBUG - total # of episodes: 2
