2018-11-03 21:48:17,666 - atari_wrapper - INFO - ALE lives: 0
2018-11-03 21:48:17,667 - atari_wrapper - INFO - ALE frameskip: 1 / 1
2018-11-03 21:48:17,667 - atari_wrapper - INFO - ALE repeat_action_probability: 0.0
2018-11-03 21:48:17,667 - atari_wrapper - INFO - Gym action_space: Discrete(3)
2018-11-03 21:48:17,667 - atari_wrapper - INFO - AtariWrapper frameskip: 1
2018-11-03 21:48:17,667 - atari_wrapper - INFO - AtariWrapper noop_max: 30
2018-11-03 21:48:17,667 - atari_wrapper - INFO - EpisodicLifeEnv: True
2018-11-03 21:48:17,667 - atari_wrapper - INFO - WarpFrame: True
2018-11-03 21:48:17,667 - atari_wrapper - INFO - HumanDemoEnv: True
2018-11-03 21:48:18,062 - game_state - INFO - ['NOOP', 'UP', 'DOWN']
2018-11-03 21:50:37,375 - collect_demo - INFO - Duration: 0:02:15.520083
2018-11-03 21:50:37,375 - collect_demo - INFO - Total steps: 8131
2018-11-03 21:50:37,375 - collect_demo - INFO - Total reward: 26.0
2018-11-03 21:50:37,375 - collect_demo - INFO - Total Replay memory saved: 2037
2018-11-03 21:50:37,375 - replay_memory - INFO - Resizing replay memory...
2018-11-03 21:50:37,376 - replay_memory - DEBUG - Current specs: size=2037 max_steps=100000
2018-11-03 21:50:37,376 - replay_memory - DEBUG -     images shape: (100000, 84, 84)
2018-11-03 21:50:37,376 - replay_memory - DEBUG -     actions shape: (100000,)
2018-11-03 21:50:37,376 - replay_memory - DEBUG -     rewards shape: (100000,)
2018-11-03 21:50:37,376 - replay_memory - DEBUG -     terminal shape: (100000,)
2018-11-03 21:50:37,376 - replay_memory - DEBUG -     lives shape: (100000,)
2018-11-03 21:50:37,377 - replay_memory - DEBUG -     full_state shape: (100000, 1013)
2018-11-03 21:50:37,508 - replay_memory - INFO - Resizing completed!
2018-11-03 21:50:37,508 - replay_memory - DEBUG - Updated specs: size=2037 max_steps=2037
2018-11-03 21:50:37,509 - replay_memory - DEBUG -     images shape: (2037, 84, 84)
2018-11-03 21:50:37,509 - replay_memory - DEBUG -     actions shape: (2037,)
2018-11-03 21:50:37,509 - replay_memory - DEBUG -     rewards shape: (2037,)
2018-11-03 21:50:37,509 - replay_memory - DEBUG -     terminal shape: (2037,)
2018-11-03 21:50:37,509 - replay_memory - DEBUG -     lives shape: (2037,)
2018-11-03 21:50:37,510 - replay_memory - DEBUG -     full_state shape: (2037, 1013)
2018-11-03 21:50:37,514 - replay_memory - INFO - Compressing and saving replay memory...
2018-11-03 21:50:37,652 - replay_memory - INFO - Compressed and saved replay memory
2018-11-03 21:52:56,973 - collect_demo - INFO - Duration: 0:02:16.252950
2018-11-03 21:52:56,973 - collect_demo - INFO - Total steps: 8175
2018-11-03 21:52:56,974 - collect_demo - INFO - Total reward: 30.0
2018-11-03 21:52:56,974 - collect_demo - INFO - Total Replay memory saved: 2048
2018-11-03 21:52:56,974 - replay_memory - INFO - Resizing replay memory...
2018-11-03 21:52:56,974 - replay_memory - DEBUG - Current specs: size=2048 max_steps=100000
2018-11-03 21:52:56,974 - replay_memory - DEBUG -     images shape: (100000, 84, 84)
2018-11-03 21:52:56,974 - replay_memory - DEBUG -     actions shape: (100000,)
2018-11-03 21:52:56,974 - replay_memory - DEBUG -     rewards shape: (100000,)
2018-11-03 21:52:56,975 - replay_memory - DEBUG -     terminal shape: (100000,)
2018-11-03 21:52:56,975 - replay_memory - DEBUG -     lives shape: (100000,)
2018-11-03 21:52:56,975 - replay_memory - DEBUG -     full_state shape: (100000, 1013)
2018-11-03 21:52:57,120 - replay_memory - INFO - Resizing completed!
2018-11-03 21:52:57,120 - replay_memory - DEBUG - Updated specs: size=2048 max_steps=2048
2018-11-03 21:52:57,120 - replay_memory - DEBUG -     images shape: (2048, 84, 84)
2018-11-03 21:52:57,120 - replay_memory - DEBUG -     actions shape: (2048,)
2018-11-03 21:52:57,120 - replay_memory - DEBUG -     rewards shape: (2048,)
2018-11-03 21:52:57,121 - replay_memory - DEBUG -     terminal shape: (2048,)
2018-11-03 21:52:57,121 - replay_memory - DEBUG -     lives shape: (2048,)
2018-11-03 21:52:57,121 - replay_memory - DEBUG -     full_state shape: (2048, 1013)
2018-11-03 21:52:57,125 - replay_memory - INFO - Compressing and saving replay memory...
2018-11-03 21:52:57,262 - replay_memory - INFO - Compressed and saved replay memory
2018-11-03 21:52:57,281 - collect_demo - DEBUG - steps / episode: [8131, 8175]
2018-11-03 21:52:57,281 - collect_demo - DEBUG - reward / episode: [26.0, 30.0]
2018-11-03 21:52:57,282 - collect_demo - DEBUG - mean steps: 8153.0 / mean reward: 28.0
2018-11-03 21:52:57,282 - collect_demo - DEBUG - duration / episode:
2018-11-03 21:52:57,282 - collect_demo - DEBUG -     0:02:15.520083
2018-11-03 21:52:57,282 - collect_demo - DEBUG -     0:02:16.252950
2018-11-03 21:52:57,282 - collect_demo - DEBUG - total duration: 0:04:31.773033
2018-11-03 21:52:57,282 - collect_demo - DEBUG - mem size / episode: [2037, 2048]
2018-11-03 21:52:57,283 - collect_demo - DEBUG - total memory size: 4085
2018-11-03 21:52:57,283 - collect_demo - DEBUG - total # of episodes: 2
