2018-11-03 22:22:28,286 - atari_wrapper - INFO - ALE lives: 0
2018-11-03 22:22:28,287 - atari_wrapper - INFO - ALE frameskip: 1 / 1
2018-11-03 22:22:28,287 - atari_wrapper - INFO - ALE repeat_action_probability: 0.0
2018-11-03 22:22:28,287 - atari_wrapper - INFO - Gym action_space: Discrete(3)
2018-11-03 22:22:28,287 - atari_wrapper - INFO - AtariWrapper frameskip: 1
2018-11-03 22:22:28,287 - atari_wrapper - INFO - AtariWrapper noop_max: 30
2018-11-03 22:22:28,288 - atari_wrapper - INFO - EpisodicLifeEnv: True
2018-11-03 22:22:28,288 - atari_wrapper - INFO - WarpFrame: True
2018-11-03 22:22:28,288 - atari_wrapper - INFO - HumanDemoEnv: True
2018-11-03 22:22:28,721 - game_state - INFO - ['NOOP', 'UP', 'DOWN']
2018-11-03 22:24:47,347 - collect_demo - INFO - Duration: 0:02:15.269790
2018-11-03 22:24:47,347 - collect_demo - INFO - Total steps: 8116
2018-11-03 22:24:47,348 - collect_demo - INFO - Total reward: 30.0
2018-11-03 22:24:47,348 - collect_demo - INFO - Total Replay memory saved: 2033
2018-11-03 22:24:47,348 - replay_memory - INFO - Resizing replay memory...
2018-11-03 22:24:47,348 - replay_memory - DEBUG - Current specs: size=2033 max_steps=100000
2018-11-03 22:24:47,348 - replay_memory - DEBUG -     images shape: (100000, 84, 84)
2018-11-03 22:24:47,348 - replay_memory - DEBUG -     actions shape: (100000,)
2018-11-03 22:24:47,349 - replay_memory - DEBUG -     rewards shape: (100000,)
2018-11-03 22:24:47,349 - replay_memory - DEBUG -     terminal shape: (100000,)
2018-11-03 22:24:47,349 - replay_memory - DEBUG -     lives shape: (100000,)
2018-11-03 22:24:47,349 - replay_memory - DEBUG -     full_state shape: (100000, 1013)
2018-11-03 22:24:47,480 - replay_memory - INFO - Resizing completed!
2018-11-03 22:24:47,481 - replay_memory - DEBUG - Updated specs: size=2033 max_steps=2033
2018-11-03 22:24:47,481 - replay_memory - DEBUG -     images shape: (2033, 84, 84)
2018-11-03 22:24:47,481 - replay_memory - DEBUG -     actions shape: (2033,)
2018-11-03 22:24:47,481 - replay_memory - DEBUG -     rewards shape: (2033,)
2018-11-03 22:24:47,481 - replay_memory - DEBUG -     terminal shape: (2033,)
2018-11-03 22:24:47,481 - replay_memory - DEBUG -     lives shape: (2033,)
2018-11-03 22:24:47,482 - replay_memory - DEBUG -     full_state shape: (2033, 1013)
2018-11-03 22:24:47,486 - replay_memory - INFO - Compressing and saving replay memory...
2018-11-03 22:24:47,628 - replay_memory - INFO - Compressed and saved replay memory
2018-11-03 22:27:05,353 - collect_demo - INFO - Duration: 0:02:14.919541
2018-11-03 22:27:05,353 - collect_demo - INFO - Total steps: 8095
2018-11-03 22:27:05,353 - collect_demo - INFO - Total reward: 30.0
2018-11-03 22:27:05,353 - collect_demo - INFO - Total Replay memory saved: 2028
2018-11-03 22:27:05,353 - replay_memory - INFO - Resizing replay memory...
2018-11-03 22:27:05,354 - replay_memory - DEBUG - Current specs: size=2028 max_steps=100000
2018-11-03 22:27:05,354 - replay_memory - DEBUG -     images shape: (100000, 84, 84)
2018-11-03 22:27:05,354 - replay_memory - DEBUG -     actions shape: (100000,)
2018-11-03 22:27:05,354 - replay_memory - DEBUG -     rewards shape: (100000,)
2018-11-03 22:27:05,354 - replay_memory - DEBUG -     terminal shape: (100000,)
2018-11-03 22:27:05,354 - replay_memory - DEBUG -     lives shape: (100000,)
2018-11-03 22:27:05,354 - replay_memory - DEBUG -     full_state shape: (100000, 1013)
2018-11-03 22:27:05,491 - replay_memory - INFO - Resizing completed!
2018-11-03 22:27:05,492 - replay_memory - DEBUG - Updated specs: size=2028 max_steps=2028
2018-11-03 22:27:05,492 - replay_memory - DEBUG -     images shape: (2028, 84, 84)
2018-11-03 22:27:05,492 - replay_memory - DEBUG -     actions shape: (2028,)
2018-11-03 22:27:05,492 - replay_memory - DEBUG -     rewards shape: (2028,)
2018-11-03 22:27:05,492 - replay_memory - DEBUG -     terminal shape: (2028,)
2018-11-03 22:27:05,492 - replay_memory - DEBUG -     lives shape: (2028,)
2018-11-03 22:27:05,492 - replay_memory - DEBUG -     full_state shape: (2028, 1013)
2018-11-03 22:27:05,496 - replay_memory - INFO - Compressing and saving replay memory...
2018-11-03 22:27:05,630 - replay_memory - INFO - Compressed and saved replay memory
2018-11-03 22:27:05,648 - collect_demo - DEBUG - steps / episode: [8116, 8095]
2018-11-03 22:27:05,648 - collect_demo - DEBUG - reward / episode: [30.0, 30.0]
2018-11-03 22:27:05,649 - collect_demo - DEBUG - mean steps: 8105.5 / mean reward: 30.0
2018-11-03 22:27:05,649 - collect_demo - DEBUG - duration / episode:
2018-11-03 22:27:05,649 - collect_demo - DEBUG -     0:02:15.269790
2018-11-03 22:27:05,649 - collect_demo - DEBUG -     0:02:14.919541
2018-11-03 22:27:05,649 - collect_demo - DEBUG - total duration: 0:04:30.189331
2018-11-03 22:27:05,649 - collect_demo - DEBUG - mem size / episode: [2033, 2028]
2018-11-03 22:27:05,649 - collect_demo - DEBUG - total memory size: 4061
2018-11-03 22:27:05,649 - collect_demo - DEBUG - total # of episodes: 2
