2020-05-15 23:53:45,965 - atari_wrapper - INFO - ALE lives: 6
2020-05-15 23:53:45,965 - atari_wrapper - INFO - ALE frameskip: 1 / 1
2020-05-15 23:53:45,966 - atari_wrapper - INFO - ALE repeat_action_probability: 0.0
2020-05-15 23:53:45,966 - atari_wrapper - INFO - Gym action_space: Discrete(18)
2020-05-15 23:53:45,966 - atari_wrapper - INFO - AtariWrapper frameskip: 1
2020-05-15 23:53:45,966 - atari_wrapper - INFO - AtariWrapper noop_max: 30
2020-05-15 23:53:45,966 - atari_wrapper - INFO - EpisodicLifeEnv: True
2020-05-15 23:53:45,966 - atari_wrapper - INFO - FireResetEnv: True
2020-05-15 23:53:45,967 - atari_wrapper - INFO - WarpFrame: True
2020-05-15 23:53:45,967 - atari_wrapper - INFO - ALE sound: False
2020-05-15 23:53:45,967 - atari_wrapper - INFO - HumanDemoEnv: True
2020-05-15 23:53:46,442 - game_state - INFO - ['NOOP', 'FIRE', 'UP', 'RIGHT', 'LEFT', 'DOWN', 'UPRIGHT', 'UPLEFT', 'DOWNRIGHT', 'DOWNLEFT', 'UPFIRE', 'RIGHTFIRE', 'LEFTFIRE', 'DOWNFIRE', 'UPRIGHTFIRE', 'UPLEFTFIRE', 'DOWNRIGHTFIRE', 'DOWNLEFTFIRE']
2020-05-15 23:55:30,296 - collect_demo - INFO - Duration: 0:01:39.474638
2020-05-15 23:55:30,296 - collect_demo - INFO - Total steps: 5669
2020-05-15 23:55:30,296 - collect_demo - INFO - Total reward: 0.0
2020-05-15 23:55:30,297 - collect_demo - INFO - Total Replay memory saved: 1446
2020-05-15 23:55:30,297 - replay_memory - INFO - Resizing replay memory...
2020-05-15 23:55:30,297 - replay_memory - DEBUG - Current specs: size=1446 max_steps=100000
2020-05-15 23:55:30,297 - replay_memory - DEBUG -     images shape: (100000, 84, 84)
2020-05-15 23:55:30,297 - replay_memory - DEBUG -     actions shape: (100000,)
2020-05-15 23:55:30,297 - replay_memory - DEBUG -     rewards shape: (100000,)
2020-05-15 23:55:30,297 - replay_memory - DEBUG -     terminal shape: (100000,)
2020-05-15 23:55:30,297 - replay_memory - DEBUG -     lives shape: (100000,)
2020-05-15 23:55:30,298 - replay_memory - DEBUG -     full_state shape: (100000, 1037)
2020-05-15 23:55:30,383 - replay_memory - INFO - Resizing completed!
2020-05-15 23:55:30,383 - replay_memory - DEBUG - Updated specs: size=1446 max_steps=1446
2020-05-15 23:55:30,383 - replay_memory - DEBUG -     images shape: (1446, 84, 84)
2020-05-15 23:55:30,384 - replay_memory - DEBUG -     actions shape: (1446,)
2020-05-15 23:55:30,384 - replay_memory - DEBUG -     rewards shape: (1446,)
2020-05-15 23:55:30,384 - replay_memory - DEBUG -     terminal shape: (1446,)
2020-05-15 23:55:30,384 - replay_memory - DEBUG -     lives shape: (1446,)
2020-05-15 23:55:30,384 - replay_memory - DEBUG -     full_state shape: (1446, 1037)
2020-05-15 23:55:30,386 - replay_memory - INFO - Compressing and saving replay memory...
2020-05-15 23:55:30,438 - replay_memory - INFO - Compressed and saved replay memory
2020-05-15 23:55:32,821 - collect_demo - DEBUG - steps / episode: [5669]
2020-05-15 23:55:32,823 - collect_demo - DEBUG - reward / episode: [0.0]
2020-05-15 23:55:32,824 - collect_demo - DEBUG - mean steps: 5669.0 / mean reward: 0.0
2020-05-15 23:55:32,824 - collect_demo - DEBUG - duration / episode:
2020-05-15 23:55:32,825 - collect_demo - DEBUG -     0:01:39.474638
2020-05-15 23:55:32,825 - collect_demo - DEBUG - total duration: 0:01:39.474638
2020-05-15 23:55:32,825 - collect_demo - DEBUG - mem size / episode: [1446]
2020-05-15 23:55:32,826 - collect_demo - DEBUG - total memory size: 1446
2020-05-15 23:55:32,827 - collect_demo - DEBUG - total # of episodes: 1
