2020-05-15 23:56:55,542 - atari_wrapper - INFO - ALE lives: 6
2020-05-15 23:56:55,542 - atari_wrapper - INFO - ALE frameskip: 1 / 1
2020-05-15 23:56:55,542 - atari_wrapper - INFO - ALE repeat_action_probability: 0.0
2020-05-15 23:56:55,542 - atari_wrapper - INFO - Gym action_space: Discrete(18)
2020-05-15 23:56:55,542 - atari_wrapper - INFO - AtariWrapper frameskip: 1
2020-05-15 23:56:55,542 - atari_wrapper - INFO - AtariWrapper noop_max: 30
2020-05-15 23:56:55,543 - atari_wrapper - INFO - EpisodicLifeEnv: True
2020-05-15 23:56:55,543 - atari_wrapper - INFO - FireResetEnv: True
2020-05-15 23:56:55,543 - atari_wrapper - INFO - WarpFrame: True
2020-05-15 23:56:55,543 - atari_wrapper - INFO - ALE sound: False
2020-05-15 23:56:55,543 - atari_wrapper - INFO - HumanDemoEnv: True
2020-05-15 23:56:56,009 - game_state - INFO - ['NOOP', 'FIRE', 'UP', 'RIGHT', 'LEFT', 'DOWN', 'UPRIGHT', 'UPLEFT', 'DOWNRIGHT', 'DOWNLEFT', 'UPFIRE', 'RIGHTFIRE', 'LEFTFIRE', 'DOWNFIRE', 'UPRIGHTFIRE', 'UPLEFTFIRE', 'DOWNRIGHTFIRE', 'DOWNLEFTFIRE']
2020-05-15 23:57:23,762 - collect_demo - INFO - Duration: 0:00:26.695085
2020-05-15 23:57:23,763 - collect_demo - INFO - Total steps: 1513
2020-05-15 23:57:23,763 - collect_demo - INFO - Total reward: 0.0
2020-05-15 23:57:23,764 - collect_demo - INFO - Total Replay memory saved: 407
2020-05-15 23:57:23,765 - replay_memory - INFO - Resizing replay memory...
2020-05-15 23:57:23,765 - replay_memory - DEBUG - Current specs: size=407 max_steps=100000
2020-05-15 23:57:23,766 - replay_memory - DEBUG -     images shape: (100000, 84, 84)
2020-05-15 23:57:23,767 - replay_memory - DEBUG -     actions shape: (100000,)
2020-05-15 23:57:23,768 - replay_memory - DEBUG -     rewards shape: (100000,)
2020-05-15 23:57:23,768 - replay_memory - DEBUG -     terminal shape: (100000,)
2020-05-15 23:57:23,768 - replay_memory - DEBUG -     lives shape: (100000,)
2020-05-15 23:57:23,769 - replay_memory - DEBUG -     full_state shape: (100000, 1037)
2020-05-15 23:57:23,870 - replay_memory - INFO - Resizing completed!
2020-05-15 23:57:23,870 - replay_memory - DEBUG - Updated specs: size=407 max_steps=407
2020-05-15 23:57:23,871 - replay_memory - DEBUG -     images shape: (407, 84, 84)
2020-05-15 23:57:23,871 - replay_memory - DEBUG -     actions shape: (407,)
2020-05-15 23:57:23,871 - replay_memory - DEBUG -     rewards shape: (407,)
2020-05-15 23:57:23,871 - replay_memory - DEBUG -     terminal shape: (407,)
2020-05-15 23:57:23,871 - replay_memory - DEBUG -     lives shape: (407,)
2020-05-15 23:57:23,871 - replay_memory - DEBUG -     full_state shape: (407, 1037)
2020-05-15 23:57:23,872 - replay_memory - INFO - Compressing and saving replay memory...
2020-05-15 23:57:23,888 - replay_memory - INFO - Compressed and saved replay memory
2020-05-15 23:57:25,063 - collect_demo - DEBUG - steps / episode: [1513]
2020-05-15 23:57:25,064 - collect_demo - DEBUG - reward / episode: [0.0]
2020-05-15 23:57:25,064 - collect_demo - DEBUG - mean steps: 1513.0 / mean reward: 0.0
2020-05-15 23:57:25,065 - collect_demo - DEBUG - duration / episode:
2020-05-15 23:57:25,065 - collect_demo - DEBUG -     0:00:26.695085
2020-05-15 23:57:25,066 - collect_demo - DEBUG - total duration: 0:00:26.695085
2020-05-15 23:57:25,066 - collect_demo - DEBUG - mem size / episode: [407]
2020-05-15 23:57:25,066 - collect_demo - DEBUG - total memory size: 407
2020-05-15 23:57:25,067 - collect_demo - DEBUG - total # of episodes: 1
