2020-05-15 23:55:44,140 - atari_wrapper - INFO - ALE lives: 6
2020-05-15 23:55:44,140 - atari_wrapper - INFO - ALE frameskip: 1 / 1
2020-05-15 23:55:44,140 - atari_wrapper - INFO - ALE repeat_action_probability: 0.0
2020-05-15 23:55:44,140 - atari_wrapper - INFO - Gym action_space: Discrete(18)
2020-05-15 23:55:44,140 - atari_wrapper - INFO - AtariWrapper frameskip: 1
2020-05-15 23:55:44,140 - atari_wrapper - INFO - AtariWrapper noop_max: 30
2020-05-15 23:55:44,140 - atari_wrapper - INFO - EpisodicLifeEnv: True
2020-05-15 23:55:44,141 - atari_wrapper - INFO - FireResetEnv: True
2020-05-15 23:55:44,141 - atari_wrapper - INFO - WarpFrame: True
2020-05-15 23:55:44,141 - atari_wrapper - INFO - ALE sound: False
2020-05-15 23:55:44,141 - atari_wrapper - INFO - HumanDemoEnv: True
2020-05-15 23:55:44,606 - game_state - INFO - ['NOOP', 'FIRE', 'UP', 'RIGHT', 'LEFT', 'DOWN', 'UPRIGHT', 'UPLEFT', 'DOWNRIGHT', 'DOWNLEFT', 'UPFIRE', 'RIGHTFIRE', 'LEFTFIRE', 'DOWNFIRE', 'UPRIGHTFIRE', 'UPLEFTFIRE', 'DOWNRIGHTFIRE', 'DOWNLEFTFIRE']
2020-05-15 23:56:50,949 - collect_demo - INFO - Duration: 0:01:03.818134
2020-05-15 23:56:50,951 - collect_demo - INFO - Total steps: 3733
2020-05-15 23:56:50,951 - collect_demo - INFO - Total reward: 0.0
2020-05-15 23:56:50,952 - collect_demo - INFO - Total Replay memory saved: 962
2020-05-15 23:56:50,953 - replay_memory - INFO - Resizing replay memory...
2020-05-15 23:56:50,953 - replay_memory - DEBUG - Current specs: size=962 max_steps=100000
2020-05-15 23:56:50,954 - replay_memory - DEBUG -     images shape: (100000, 84, 84)
2020-05-15 23:56:50,954 - replay_memory - DEBUG -     actions shape: (100000,)
2020-05-15 23:56:50,954 - replay_memory - DEBUG -     rewards shape: (100000,)
2020-05-15 23:56:50,955 - replay_memory - DEBUG -     terminal shape: (100000,)
2020-05-15 23:56:50,955 - replay_memory - DEBUG -     lives shape: (100000,)
2020-05-15 23:56:50,956 - replay_memory - DEBUG -     full_state shape: (100000, 1037)
2020-05-15 23:56:51,050 - replay_memory - INFO - Resizing completed!
2020-05-15 23:56:51,051 - replay_memory - DEBUG - Updated specs: size=962 max_steps=962
2020-05-15 23:56:51,051 - replay_memory - DEBUG -     images shape: (962, 84, 84)
2020-05-15 23:56:51,051 - replay_memory - DEBUG -     actions shape: (962,)
2020-05-15 23:56:51,051 - replay_memory - DEBUG -     rewards shape: (962,)
2020-05-15 23:56:51,051 - replay_memory - DEBUG -     terminal shape: (962,)
2020-05-15 23:56:51,052 - replay_memory - DEBUG -     lives shape: (962,)
2020-05-15 23:56:51,052 - replay_memory - DEBUG -     full_state shape: (962, 1037)
2020-05-15 23:56:51,053 - replay_memory - INFO - Compressing and saving replay memory...
2020-05-15 23:56:51,087 - replay_memory - INFO - Compressed and saved replay memory
2020-05-15 23:56:52,621 - collect_demo - DEBUG - steps / episode: [3733]
2020-05-15 23:56:52,622 - collect_demo - DEBUG - reward / episode: [0.0]
2020-05-15 23:56:52,623 - collect_demo - DEBUG - mean steps: 3733.0 / mean reward: 0.0
2020-05-15 23:56:52,624 - collect_demo - DEBUG - duration / episode:
2020-05-15 23:56:52,624 - collect_demo - DEBUG -     0:01:03.818134
2020-05-15 23:56:52,625 - collect_demo - DEBUG - total duration: 0:01:03.818134
2020-05-15 23:56:52,625 - collect_demo - DEBUG - mem size / episode: [962]
2020-05-15 23:56:52,625 - collect_demo - DEBUG - total memory size: 962
2020-05-15 23:56:52,626 - collect_demo - DEBUG - total # of episodes: 1
