2020-05-16 01:38:59,722 - atari_wrapper - INFO - ALE lives: 6
2020-05-16 01:38:59,722 - atari_wrapper - INFO - ALE frameskip: 1 / 1
2020-05-16 01:38:59,722 - atari_wrapper - INFO - ALE repeat_action_probability: 0.0
2020-05-16 01:38:59,723 - atari_wrapper - INFO - Gym action_space: Discrete(18)
2020-05-16 01:38:59,723 - atari_wrapper - INFO - AtariWrapper frameskip: 1
2020-05-16 01:38:59,723 - atari_wrapper - INFO - AtariWrapper noop_max: 30
2020-05-16 01:38:59,724 - atari_wrapper - INFO - EpisodicLifeEnv: True
2020-05-16 01:38:59,724 - atari_wrapper - INFO - FireResetEnv: True
2020-05-16 01:38:59,724 - atari_wrapper - INFO - WarpFrame: True
2020-05-16 01:38:59,725 - atari_wrapper - INFO - ALE sound: False
2020-05-16 01:38:59,725 - atari_wrapper - INFO - HumanDemoEnv: True
2020-05-16 01:38:59,740 - atari_wrapper - INFO - Joystick: Sony Interactive Entertainment Wireless Controller
2020-05-16 01:38:59,796 - game_state - INFO - ['NOOP', 'FIRE', 'UP', 'RIGHT', 'LEFT', 'DOWN', 'UPRIGHT', 'UPLEFT', 'DOWNRIGHT', 'DOWNLEFT', 'UPFIRE', 'RIGHTFIRE', 'LEFTFIRE', 'DOWNFIRE', 'UPRIGHTFIRE', 'UPLEFTFIRE', 'DOWNRIGHTFIRE', 'DOWNLEFTFIRE']
2020-05-16 01:40:53,014 - collect_demo - INFO - Duration: 0:01:53.113498
2020-05-16 01:40:53,015 - collect_demo - INFO - Total steps: 6461
2020-05-16 01:40:53,015 - collect_demo - INFO - Total reward: 3600.0
2020-05-16 01:40:53,016 - collect_demo - INFO - Total Replay memory saved: 1644
2020-05-16 01:40:53,016 - replay_memory - INFO - Resizing replay memory...
2020-05-16 01:40:53,016 - replay_memory - DEBUG - Current specs: size=1644 max_steps=100000
2020-05-16 01:40:53,017 - replay_memory - DEBUG -     images shape: (100000, 84, 84)
2020-05-16 01:40:53,017 - replay_memory - DEBUG -     actions shape: (100000,)
2020-05-16 01:40:53,018 - replay_memory - DEBUG -     rewards shape: (100000,)
2020-05-16 01:40:53,018 - replay_memory - DEBUG -     terminal shape: (100000,)
2020-05-16 01:40:53,019 - replay_memory - DEBUG -     lives shape: (100000,)
2020-05-16 01:40:53,019 - replay_memory - DEBUG -     full_state shape: (100000, 1037)
2020-05-16 01:40:53,109 - replay_memory - INFO - Resizing completed!
2020-05-16 01:40:53,110 - replay_memory - DEBUG - Updated specs: size=1644 max_steps=1644
2020-05-16 01:40:53,110 - replay_memory - DEBUG -     images shape: (1644, 84, 84)
2020-05-16 01:40:53,110 - replay_memory - DEBUG -     actions shape: (1644,)
2020-05-16 01:40:53,111 - replay_memory - DEBUG -     rewards shape: (1644,)
2020-05-16 01:40:53,111 - replay_memory - DEBUG -     terminal shape: (1644,)
2020-05-16 01:40:53,111 - replay_memory - DEBUG -     lives shape: (1644,)
2020-05-16 01:40:53,112 - replay_memory - DEBUG -     full_state shape: (1644, 1037)
2020-05-16 01:40:53,114 - replay_memory - INFO - Compressing and saving replay memory...
2020-05-16 01:40:53,173 - replay_memory - INFO - Compressed and saved replay memory
2020-05-16 01:40:54,524 - collect_demo - DEBUG - steps / episode: [6461]
2020-05-16 01:40:54,526 - collect_demo - DEBUG - reward / episode: [3600.0]
2020-05-16 01:40:54,528 - collect_demo - DEBUG - mean steps: 6461.0 / mean reward: 3600.0
2020-05-16 01:40:54,530 - collect_demo - DEBUG - duration / episode:
2020-05-16 01:40:54,531 - collect_demo - DEBUG -     0:01:53.113498
2020-05-16 01:40:54,532 - collect_demo - DEBUG - total duration: 0:01:53.113498
2020-05-16 01:40:54,534 - collect_demo - DEBUG - mem size / episode: [1644]
2020-05-16 01:40:54,535 - collect_demo - DEBUG - total memory size: 1644
2020-05-16 01:40:54,537 - collect_demo - DEBUG - total # of episodes: 1
2020-05-16 01:41:17,196 - atari_wrapper - INFO - ALE lives: 6
2020-05-16 01:41:17,196 - atari_wrapper - INFO - ALE frameskip: 1 / 1
2020-05-16 01:41:17,197 - atari_wrapper - INFO - ALE repeat_action_probability: 0.0
2020-05-16 01:41:17,197 - atari_wrapper - INFO - Gym action_space: Discrete(18)
2020-05-16 01:41:17,197 - atari_wrapper - INFO - AtariWrapper frameskip: 1
2020-05-16 01:41:17,197 - atari_wrapper - INFO - AtariWrapper noop_max: 30
2020-05-16 01:41:17,198 - atari_wrapper - INFO - EpisodicLifeEnv: True
2020-05-16 01:41:17,198 - atari_wrapper - INFO - FireResetEnv: True
2020-05-16 01:41:17,198 - atari_wrapper - INFO - WarpFrame: True
2020-05-16 01:41:17,199 - atari_wrapper - INFO - ALE sound: False
2020-05-16 01:41:17,199 - atari_wrapper - INFO - HumanDemoEnv: True
2020-05-16 01:41:17,220 - atari_wrapper - INFO - Joystick: Sony Interactive Entertainment Wireless Controller
2020-05-16 01:41:17,275 - game_state - INFO - ['NOOP', 'FIRE', 'UP', 'RIGHT', 'LEFT', 'DOWN', 'UPRIGHT', 'UPLEFT', 'DOWNRIGHT', 'DOWNLEFT', 'UPFIRE', 'RIGHTFIRE', 'LEFTFIRE', 'DOWNFIRE', 'UPRIGHTFIRE', 'UPLEFTFIRE', 'DOWNRIGHTFIRE', 'DOWNLEFTFIRE']
2020-05-16 01:43:33,552 - collect_demo - INFO - Duration: 0:02:16.199399
2020-05-16 01:43:33,555 - collect_demo - INFO - Total steps: 8061
2020-05-16 01:43:33,557 - collect_demo - INFO - Total reward: 7100.0
2020-05-16 01:43:33,557 - collect_demo - INFO - Total Replay memory saved: 2044
2020-05-16 01:43:33,558 - replay_memory - INFO - Resizing replay memory...
2020-05-16 01:43:33,558 - replay_memory - DEBUG - Current specs: size=2044 max_steps=100000
2020-05-16 01:43:33,559 - replay_memory - DEBUG -     images shape: (100000, 84, 84)
2020-05-16 01:43:33,559 - replay_memory - DEBUG -     actions shape: (100000,)
2020-05-16 01:43:33,559 - replay_memory - DEBUG -     rewards shape: (100000,)
2020-05-16 01:43:33,560 - replay_memory - DEBUG -     terminal shape: (100000,)
2020-05-16 01:43:33,560 - replay_memory - DEBUG -     lives shape: (100000,)
2020-05-16 01:43:33,561 - replay_memory - DEBUG -     full_state shape: (100000, 1037)
2020-05-16 01:43:33,647 - replay_memory - INFO - Resizing completed!
2020-05-16 01:43:33,647 - replay_memory - DEBUG - Updated specs: size=2044 max_steps=2044
2020-05-16 01:43:33,648 - replay_memory - DEBUG -     images shape: (2044, 84, 84)
2020-05-16 01:43:33,648 - replay_memory - DEBUG -     actions shape: (2044,)
2020-05-16 01:43:33,648 - replay_memory - DEBUG -     rewards shape: (2044,)
2020-05-16 01:43:33,649 - replay_memory - DEBUG -     terminal shape: (2044,)
2020-05-16 01:43:33,649 - replay_memory - DEBUG -     lives shape: (2044,)
2020-05-16 01:43:33,650 - replay_memory - DEBUG -     full_state shape: (2044, 1037)
2020-05-16 01:43:33,652 - replay_memory - INFO - Compressing and saving replay memory...
2020-05-16 01:43:33,720 - replay_memory - INFO - Compressed and saved replay memory
2020-05-16 01:43:35,335 - collect_demo - DEBUG - steps / episode: [8061]
2020-05-16 01:43:35,336 - collect_demo - DEBUG - reward / episode: [7100.0]
2020-05-16 01:43:35,338 - collect_demo - DEBUG - mean steps: 8061.0 / mean reward: 7100.0
2020-05-16 01:43:35,339 - collect_demo - DEBUG - duration / episode:
2020-05-16 01:43:35,339 - collect_demo - DEBUG -     0:02:16.199399
2020-05-16 01:43:35,340 - collect_demo - DEBUG - total duration: 0:02:16.199399
2020-05-16 01:43:35,341 - collect_demo - DEBUG - mem size / episode: [2044]
2020-05-16 01:43:35,342 - collect_demo - DEBUG - total memory size: 2044
2020-05-16 01:43:35,343 - collect_demo - DEBUG - total # of episodes: 1
