2018-11-03 13:22:56,992 - atari_wrapper - INFO - ALE lives: 0
2018-11-03 13:22:56,993 - atari_wrapper - INFO - ALE frameskip: 1 / 1
2018-11-03 13:22:56,993 - atari_wrapper - INFO - ALE repeat_action_probability: 0.0
2018-11-03 13:22:56,993 - atari_wrapper - INFO - Gym action_space: Discrete(6)
2018-11-03 13:22:56,993 - atari_wrapper - INFO - AtariWrapper frameskip: 1
2018-11-03 13:22:56,993 - atari_wrapper - INFO - AtariWrapper noop_max: 30
2018-11-03 13:22:56,993 - atari_wrapper - INFO - EpisodicLifeEnv: True
2018-11-03 13:22:56,993 - atari_wrapper - INFO - FireResetEnv: True
2018-11-03 13:22:56,994 - atari_wrapper - INFO - WarpFrame: True
2018-11-03 13:22:56,994 - atari_wrapper - INFO - HumanDemoEnv: True
2018-11-03 13:22:57,343 - game_state - INFO - ['NOOP', 'FIRE', 'RIGHT', 'LEFT', 'RIGHTFIRE', 'LEFTFIRE']
2018-11-03 13:28:59,910 - collect_demo - INFO - Duration: 0:05:59.485995
2018-11-03 13:28:59,910 - collect_demo - INFO - Total steps: 21569
2018-11-03 13:28:59,910 - collect_demo - INFO - Total reward: -3.0
2018-11-03 13:28:59,910 - collect_demo - INFO - Total Replay memory saved: 5397
2018-11-03 13:28:59,910 - replay_memory - INFO - Resizing replay memory...
2018-11-03 13:28:59,910 - replay_memory - DEBUG - Current specs: size=5397 max_steps=100000
2018-11-03 13:28:59,911 - replay_memory - DEBUG -     images shape: (100000, 84, 84)
2018-11-03 13:28:59,911 - replay_memory - DEBUG -     actions shape: (100000,)
2018-11-03 13:28:59,911 - replay_memory - DEBUG -     rewards shape: (100000,)
2018-11-03 13:28:59,911 - replay_memory - DEBUG -     terminal shape: (100000,)
2018-11-03 13:28:59,911 - replay_memory - DEBUG -     lives shape: (100000,)
2018-11-03 13:28:59,911 - replay_memory - DEBUG -     full_state shape: (100000, 1013)
2018-11-03 13:29:00,029 - replay_memory - INFO - Resizing completed!
2018-11-03 13:29:00,029 - replay_memory - DEBUG - Updated specs: size=5397 max_steps=5397
2018-11-03 13:29:00,029 - replay_memory - DEBUG -     images shape: (5397, 84, 84)
2018-11-03 13:29:00,029 - replay_memory - DEBUG -     actions shape: (5397,)
2018-11-03 13:29:00,029 - replay_memory - DEBUG -     rewards shape: (5397,)
2018-11-03 13:29:00,029 - replay_memory - DEBUG -     terminal shape: (5397,)
2018-11-03 13:29:00,030 - replay_memory - DEBUG -     lives shape: (5397,)
2018-11-03 13:29:00,030 - replay_memory - DEBUG -     full_state shape: (5397, 1013)
2018-11-03 13:29:00,040 - replay_memory - INFO - Compressing and saving replay memory...
2018-11-03 13:29:00,259 - replay_memory - INFO - Compressed and saved replay memory
2018-11-03 13:32:00,160 - collect_demo - INFO - Duration: 0:02:48.285735
2018-11-03 13:32:00,160 - collect_demo - INFO - Total steps: 10097
2018-11-03 13:32:00,160 - collect_demo - INFO - Total reward: -13.0
2018-11-03 13:32:00,160 - collect_demo - INFO - Total Replay memory saved: 2529
2018-11-03 13:32:00,160 - replay_memory - INFO - Resizing replay memory...
2018-11-03 13:32:00,160 - replay_memory - DEBUG - Current specs: size=2529 max_steps=100000
2018-11-03 13:32:00,160 - replay_memory - DEBUG -     images shape: (100000, 84, 84)
2018-11-03 13:32:00,161 - replay_memory - DEBUG -     actions shape: (100000,)
2018-11-03 13:32:00,161 - replay_memory - DEBUG -     rewards shape: (100000,)
2018-11-03 13:32:00,161 - replay_memory - DEBUG -     terminal shape: (100000,)
2018-11-03 13:32:00,161 - replay_memory - DEBUG -     lives shape: (100000,)
2018-11-03 13:32:00,161 - replay_memory - DEBUG -     full_state shape: (100000, 1013)
2018-11-03 13:32:00,271 - replay_memory - INFO - Resizing completed!
2018-11-03 13:32:00,271 - replay_memory - DEBUG - Updated specs: size=2529 max_steps=2529
2018-11-03 13:32:00,271 - replay_memory - DEBUG -     images shape: (2529, 84, 84)
2018-11-03 13:32:00,271 - replay_memory - DEBUG -     actions shape: (2529,)
2018-11-03 13:32:00,272 - replay_memory - DEBUG -     rewards shape: (2529,)
2018-11-03 13:32:00,272 - replay_memory - DEBUG -     terminal shape: (2529,)
2018-11-03 13:32:00,272 - replay_memory - DEBUG -     lives shape: (2529,)
2018-11-03 13:32:00,272 - replay_memory - DEBUG -     full_state shape: (2529, 1013)
2018-11-03 13:32:00,276 - replay_memory - INFO - Compressing and saving replay memory...
2018-11-03 13:32:00,378 - replay_memory - INFO - Compressed and saved replay memory
2018-11-03 13:32:00,398 - collect_demo - DEBUG - steps / episode: [21569, 10097]
2018-11-03 13:32:00,399 - collect_demo - DEBUG - reward / episode: [-3.0, -13.0]
2018-11-03 13:32:00,399 - collect_demo - DEBUG - mean steps: 15833.0 / mean reward: -8.0
2018-11-03 13:32:00,399 - collect_demo - DEBUG - duration / episode:
2018-11-03 13:32:00,399 - collect_demo - DEBUG -     0:05:59.485995
2018-11-03 13:32:00,399 - collect_demo - DEBUG -     0:02:48.285735
2018-11-03 13:32:00,400 - collect_demo - DEBUG - total duration: 0:08:47.771730
2018-11-03 13:32:00,400 - collect_demo - DEBUG - mem size / episode: [5397, 2529]
2018-11-03 13:32:00,400 - collect_demo - DEBUG - total memory size: 7926
2018-11-03 13:32:00,400 - collect_demo - DEBUG - total # of episodes: 2
