2018-12-09 18:57:58,422 - atari_wrapper - INFO - ALE lives: 0
2018-12-09 18:57:58,422 - atari_wrapper - INFO - ALE frameskip: 1 / 1
2018-12-09 18:57:58,423 - atari_wrapper - INFO - ALE repeat_action_probability: 0.0
2018-12-09 18:57:58,423 - atari_wrapper - INFO - Gym action_space: Discrete(6)
2018-12-09 18:57:58,423 - atari_wrapper - INFO - AtariWrapper frameskip: 1
2018-12-09 18:57:58,423 - atari_wrapper - INFO - AtariWrapper noop_max: 30
2018-12-09 18:57:58,423 - atari_wrapper - INFO - EpisodicLifeEnv: True
2018-12-09 18:57:58,423 - atari_wrapper - INFO - FireResetEnv: True
2018-12-09 18:57:58,423 - atari_wrapper - INFO - WarpFrame: True
2018-12-09 18:57:58,424 - atari_wrapper - INFO - HumanDemoEnv: True
2018-12-09 18:57:58,814 - game_state - INFO - ['NOOP', 'FIRE', 'RIGHT', 'LEFT', 'RIGHTFIRE', 'LEFTFIRE']
2018-12-09 19:00:08,771 - collect_demo - INFO - Duration: 0:02:05.059879
2018-12-09 19:00:08,771 - collect_demo - INFO - Total steps: 7502
2018-12-09 19:00:08,771 - collect_demo - INFO - Total reward: -19.0
2018-12-09 19:00:08,771 - collect_demo - INFO - Total Replay memory saved: 1880
2018-12-09 19:00:08,772 - replay_memory - INFO - Resizing replay memory...
2018-12-09 19:00:08,772 - replay_memory - DEBUG - Current specs: size=1880 max_steps=100000
2018-12-09 19:00:08,772 - replay_memory - DEBUG -     images shape: (100000, 84, 84)
2018-12-09 19:00:08,772 - replay_memory - DEBUG -     actions shape: (100000,)
2018-12-09 19:00:08,772 - replay_memory - DEBUG -     rewards shape: (100000,)
2018-12-09 19:00:08,772 - replay_memory - DEBUG -     terminal shape: (100000,)
2018-12-09 19:00:08,772 - replay_memory - DEBUG -     lives shape: (100000,)
2018-12-09 19:00:08,772 - replay_memory - DEBUG -     full_state shape: (100000, 1013)
2018-12-09 19:00:08,852 - replay_memory - INFO - Resizing completed!
2018-12-09 19:00:08,852 - replay_memory - DEBUG - Updated specs: size=1880 max_steps=1880
2018-12-09 19:00:08,852 - replay_memory - DEBUG -     images shape: (1880, 84, 84)
2018-12-09 19:00:08,853 - replay_memory - DEBUG -     actions shape: (1880,)
2018-12-09 19:00:08,853 - replay_memory - DEBUG -     rewards shape: (1880,)
2018-12-09 19:00:08,853 - replay_memory - DEBUG -     terminal shape: (1880,)
2018-12-09 19:00:08,853 - replay_memory - DEBUG -     lives shape: (1880,)
2018-12-09 19:00:08,853 - replay_memory - DEBUG -     full_state shape: (1880, 1013)
2018-12-09 19:00:08,869 - replay_memory - INFO - Compressing and saving replay memory...
2018-12-09 19:00:09,023 - replay_memory - INFO - Compressed and saved replay memory
2018-12-09 19:00:11,272 - collect_demo - DEBUG - steps / episode: [7502]
2018-12-09 19:00:11,273 - collect_demo - DEBUG - reward / episode: [-19.0]
2018-12-09 19:00:11,274 - collect_demo - DEBUG - mean steps: 7502.0 / mean reward: -19.0
2018-12-09 19:00:11,274 - collect_demo - DEBUG - duration / episode:
2018-12-09 19:00:11,274 - collect_demo - DEBUG -     0:02:05.059879
2018-12-09 19:00:11,274 - collect_demo - DEBUG - total duration: 0:02:05.059879
2018-12-09 19:00:11,275 - collect_demo - DEBUG - mem size / episode: [1880]
2018-12-09 19:00:11,275 - collect_demo - DEBUG - total memory size: 1880
2018-12-09 19:00:11,275 - collect_demo - DEBUG - total # of episodes: 1
