2018-12-09 19:00:24,823 - atari_wrapper - INFO - ALE lives: 0
2018-12-09 19:00:24,824 - atari_wrapper - INFO - ALE frameskip: 1 / 1
2018-12-09 19:00:24,824 - atari_wrapper - INFO - ALE repeat_action_probability: 0.0
2018-12-09 19:00:24,824 - atari_wrapper - INFO - Gym action_space: Discrete(6)
2018-12-09 19:00:24,824 - atari_wrapper - INFO - AtariWrapper frameskip: 1
2018-12-09 19:00:24,824 - atari_wrapper - INFO - AtariWrapper noop_max: 30
2018-12-09 19:00:24,824 - atari_wrapper - INFO - EpisodicLifeEnv: True
2018-12-09 19:00:24,824 - atari_wrapper - INFO - FireResetEnv: True
2018-12-09 19:00:24,825 - atari_wrapper - INFO - WarpFrame: True
2018-12-09 19:00:24,825 - atari_wrapper - INFO - HumanDemoEnv: True
2018-12-09 19:00:25,185 - game_state - INFO - ['NOOP', 'FIRE', 'RIGHT', 'LEFT', 'RIGHTFIRE', 'LEFTFIRE']
2018-12-09 19:03:16,892 - collect_demo - INFO - Duration: 0:02:50.513508
2018-12-09 19:03:16,893 - collect_demo - INFO - Total steps: 10229
2018-12-09 19:03:16,893 - collect_demo - INFO - Total reward: -15.0
2018-12-09 19:03:16,893 - collect_demo - INFO - Total Replay memory saved: 2562
2018-12-09 19:03:16,893 - replay_memory - INFO - Resizing replay memory...
2018-12-09 19:03:16,893 - replay_memory - DEBUG - Current specs: size=2562 max_steps=100000
2018-12-09 19:03:16,893 - replay_memory - DEBUG -     images shape: (100000, 84, 84)
2018-12-09 19:03:16,893 - replay_memory - DEBUG -     actions shape: (100000,)
2018-12-09 19:03:16,893 - replay_memory - DEBUG -     rewards shape: (100000,)
2018-12-09 19:03:16,894 - replay_memory - DEBUG -     terminal shape: (100000,)
2018-12-09 19:03:16,894 - replay_memory - DEBUG -     lives shape: (100000,)
2018-12-09 19:03:16,894 - replay_memory - DEBUG -     full_state shape: (100000, 1013)
2018-12-09 19:03:16,977 - replay_memory - INFO - Resizing completed!
2018-12-09 19:03:16,977 - replay_memory - DEBUG - Updated specs: size=2562 max_steps=2562
2018-12-09 19:03:16,978 - replay_memory - DEBUG -     images shape: (2562, 84, 84)
2018-12-09 19:03:16,978 - replay_memory - DEBUG -     actions shape: (2562,)
2018-12-09 19:03:16,978 - replay_memory - DEBUG -     rewards shape: (2562,)
2018-12-09 19:03:16,978 - replay_memory - DEBUG -     terminal shape: (2562,)
2018-12-09 19:03:16,978 - replay_memory - DEBUG -     lives shape: (2562,)
2018-12-09 19:03:16,978 - replay_memory - DEBUG -     full_state shape: (2562, 1013)
2018-12-09 19:03:16,999 - replay_memory - INFO - Compressing and saving replay memory...
2018-12-09 19:03:17,185 - replay_memory - INFO - Compressed and saved replay memory
2018-12-09 19:03:19,711 - collect_demo - DEBUG - steps / episode: [10229]
2018-12-09 19:03:19,711 - collect_demo - DEBUG - reward / episode: [-15.0]
2018-12-09 19:03:19,712 - collect_demo - DEBUG - mean steps: 10229.0 / mean reward: -15.0
2018-12-09 19:03:19,712 - collect_demo - DEBUG - duration / episode:
2018-12-09 19:03:19,712 - collect_demo - DEBUG -     0:02:50.513508
2018-12-09 19:03:19,712 - collect_demo - DEBUG - total duration: 0:02:50.513508
2018-12-09 19:03:19,713 - collect_demo - DEBUG - mem size / episode: [2562]
2018-12-09 19:03:19,713 - collect_demo - DEBUG - total memory size: 2562
2018-12-09 19:03:19,713 - collect_demo - DEBUG - total # of episodes: 1
