2018-11-03 21:19:59,801 - atari_wrapper - INFO - ALE lives: 3
2018-11-03 21:19:59,801 - atari_wrapper - INFO - ALE frameskip: 1 / 1
2018-11-03 21:19:59,801 - atari_wrapper - INFO - ALE repeat_action_probability: 0.0
2018-11-03 21:19:59,802 - atari_wrapper - INFO - Gym action_space: Discrete(9)
2018-11-03 21:19:59,802 - atari_wrapper - INFO - AtariWrapper frameskip: 1
2018-11-03 21:19:59,802 - atari_wrapper - INFO - AtariWrapper noop_max: 30
2018-11-03 21:19:59,802 - atari_wrapper - INFO - EpisodicLifeEnv: True
2018-11-03 21:19:59,802 - atari_wrapper - INFO - WarpFrame: True
2018-11-03 21:19:59,802 - atari_wrapper - INFO - HumanDemoEnv: True
2018-11-03 21:20:00,211 - game_state - INFO - ['NOOP', 'UP', 'RIGHT', 'LEFT', 'DOWN', 'UPRIGHT', 'UPLEFT', 'DOWNRIGHT', 'DOWNLEFT']
2018-11-03 21:21:53,263 - collect_demo - INFO - Duration: 0:01:52.086005
2018-11-03 21:21:53,263 - collect_demo - INFO - Total steps: 6725
2018-11-03 21:21:53,263 - collect_demo - INFO - Total reward: 5750.0
2018-11-03 21:21:53,263 - collect_demo - INFO - Total Replay memory saved: 1695
2018-11-03 21:21:53,264 - replay_memory - INFO - Resizing replay memory...
2018-11-03 21:21:53,264 - replay_memory - DEBUG - Current specs: size=1695 max_steps=100000
2018-11-03 21:21:53,264 - replay_memory - DEBUG -     images shape: (100000, 84, 84)
2018-11-03 21:21:53,264 - replay_memory - DEBUG -     actions shape: (100000,)
2018-11-03 21:21:53,265 - replay_memory - DEBUG -     rewards shape: (100000,)
2018-11-03 21:21:53,265 - replay_memory - DEBUG -     terminal shape: (100000,)
2018-11-03 21:21:53,265 - replay_memory - DEBUG -     lives shape: (100000,)
2018-11-03 21:21:53,265 - replay_memory - DEBUG -     full_state shape: (100000, 1021)
2018-11-03 21:21:53,391 - replay_memory - INFO - Resizing completed!
2018-11-03 21:21:53,392 - replay_memory - DEBUG - Updated specs: size=1695 max_steps=1695
2018-11-03 21:21:53,392 - replay_memory - DEBUG -     images shape: (1695, 84, 84)
2018-11-03 21:21:53,392 - replay_memory - DEBUG -     actions shape: (1695,)
2018-11-03 21:21:53,392 - replay_memory - DEBUG -     rewards shape: (1695,)
2018-11-03 21:21:53,392 - replay_memory - DEBUG -     terminal shape: (1695,)
2018-11-03 21:21:53,392 - replay_memory - DEBUG -     lives shape: (1695,)
2018-11-03 21:21:53,393 - replay_memory - DEBUG -     full_state shape: (1695, 1021)
2018-11-03 21:21:53,395 - replay_memory - INFO - Compressing and saving replay memory...
2018-11-03 21:21:53,489 - replay_memory - INFO - Compressed and saved replay memory
2018-11-03 21:24:09,919 - collect_demo - INFO - Duration: 0:02:15.269249
2018-11-03 21:24:09,919 - collect_demo - INFO - Total steps: 8116
2018-11-03 21:24:09,919 - collect_demo - INFO - Total reward: 4750.0
2018-11-03 21:24:09,919 - collect_demo - INFO - Total Replay memory saved: 2043
2018-11-03 21:24:09,920 - replay_memory - INFO - Resizing replay memory...
2018-11-03 21:24:09,920 - replay_memory - DEBUG - Current specs: size=2043 max_steps=100000
2018-11-03 21:24:09,920 - replay_memory - DEBUG -     images shape: (100000, 84, 84)
2018-11-03 21:24:09,920 - replay_memory - DEBUG -     actions shape: (100000,)
2018-11-03 21:24:09,920 - replay_memory - DEBUG -     rewards shape: (100000,)
2018-11-03 21:24:09,920 - replay_memory - DEBUG -     terminal shape: (100000,)
2018-11-03 21:24:09,921 - replay_memory - DEBUG -     lives shape: (100000,)
2018-11-03 21:24:09,921 - replay_memory - DEBUG -     full_state shape: (100000, 1021)
2018-11-03 21:24:10,050 - replay_memory - INFO - Resizing completed!
2018-11-03 21:24:10,050 - replay_memory - DEBUG - Updated specs: size=2043 max_steps=2043
2018-11-03 21:24:10,050 - replay_memory - DEBUG -     images shape: (2043, 84, 84)
2018-11-03 21:24:10,050 - replay_memory - DEBUG -     actions shape: (2043,)
2018-11-03 21:24:10,051 - replay_memory - DEBUG -     rewards shape: (2043,)
2018-11-03 21:24:10,051 - replay_memory - DEBUG -     terminal shape: (2043,)
2018-11-03 21:24:10,051 - replay_memory - DEBUG -     lives shape: (2043,)
2018-11-03 21:24:10,051 - replay_memory - DEBUG -     full_state shape: (2043, 1021)
2018-11-03 21:24:10,055 - replay_memory - INFO - Compressing and saving replay memory...
2018-11-03 21:24:10,172 - replay_memory - INFO - Compressed and saved replay memory
2018-11-03 21:24:10,190 - collect_demo - DEBUG - steps / episode: [6725, 8116]
2018-11-03 21:24:10,190 - collect_demo - DEBUG - reward / episode: [5750.0, 4750.0]
2018-11-03 21:24:10,191 - collect_demo - DEBUG - mean steps: 7420.5 / mean reward: 5250.0
2018-11-03 21:24:10,191 - collect_demo - DEBUG - duration / episode:
2018-11-03 21:24:10,191 - collect_demo - DEBUG -     0:01:52.086005
2018-11-03 21:24:10,191 - collect_demo - DEBUG -     0:02:15.269249
2018-11-03 21:24:10,191 - collect_demo - DEBUG - total duration: 0:04:07.355254
2018-11-03 21:24:10,191 - collect_demo - DEBUG - mem size / episode: [1695, 2043]
2018-11-03 21:24:10,192 - collect_demo - DEBUG - total memory size: 3738
2018-11-03 21:24:10,192 - collect_demo - DEBUG - total # of episodes: 2
