2018-11-03 21:00:23,448 - atari_wrapper - INFO - ALE lives: 3
2018-11-03 21:00:23,448 - atari_wrapper - INFO - ALE frameskip: 1 / 1
2018-11-03 21:00:23,448 - atari_wrapper - INFO - ALE repeat_action_probability: 0.0
2018-11-03 21:00:23,448 - atari_wrapper - INFO - Gym action_space: Discrete(9)
2018-11-03 21:00:23,448 - atari_wrapper - INFO - AtariWrapper frameskip: 1
2018-11-03 21:00:23,448 - atari_wrapper - INFO - AtariWrapper noop_max: 30
2018-11-03 21:00:23,448 - atari_wrapper - INFO - EpisodicLifeEnv: True
2018-11-03 21:00:23,449 - atari_wrapper - INFO - WarpFrame: True
2018-11-03 21:00:23,449 - atari_wrapper - INFO - HumanDemoEnv: True
2018-11-03 21:00:23,836 - game_state - INFO - ['NOOP', 'UP', 'RIGHT', 'LEFT', 'DOWN', 'UPRIGHT', 'UPLEFT', 'DOWNRIGHT', 'DOWNLEFT']
2018-11-03 21:02:15,799 - collect_demo - INFO - Duration: 0:01:50.802615
2018-11-03 21:02:15,799 - collect_demo - INFO - Total steps: 6648
2018-11-03 21:02:15,799 - collect_demo - INFO - Total reward: 3800.0
2018-11-03 21:02:15,799 - collect_demo - INFO - Total Replay memory saved: 1676
2018-11-03 21:02:15,799 - replay_memory - INFO - Resizing replay memory...
2018-11-03 21:02:15,800 - replay_memory - DEBUG - Current specs: size=1676 max_steps=100000
2018-11-03 21:02:15,800 - replay_memory - DEBUG -     images shape: (100000, 84, 84)
2018-11-03 21:02:15,800 - replay_memory - DEBUG -     actions shape: (100000,)
2018-11-03 21:02:15,800 - replay_memory - DEBUG -     rewards shape: (100000,)
2018-11-03 21:02:15,800 - replay_memory - DEBUG -     terminal shape: (100000,)
2018-11-03 21:02:15,800 - replay_memory - DEBUG -     lives shape: (100000,)
2018-11-03 21:02:15,800 - replay_memory - DEBUG -     full_state shape: (100000, 1021)
2018-11-03 21:02:15,929 - replay_memory - INFO - Resizing completed!
2018-11-03 21:02:15,929 - replay_memory - DEBUG - Updated specs: size=1676 max_steps=1676
2018-11-03 21:02:15,930 - replay_memory - DEBUG -     images shape: (1676, 84, 84)
2018-11-03 21:02:15,930 - replay_memory - DEBUG -     actions shape: (1676,)
2018-11-03 21:02:15,930 - replay_memory - DEBUG -     rewards shape: (1676,)
2018-11-03 21:02:15,930 - replay_memory - DEBUG -     terminal shape: (1676,)
2018-11-03 21:02:15,930 - replay_memory - DEBUG -     lives shape: (1676,)
2018-11-03 21:02:15,930 - replay_memory - DEBUG -     full_state shape: (1676, 1021)
2018-11-03 21:02:15,933 - replay_memory - INFO - Compressing and saving replay memory...
2018-11-03 21:02:16,032 - replay_memory - INFO - Compressed and saved replay memory
2018-11-03 21:04:18,933 - collect_demo - INFO - Duration: 0:02:01.735964
2018-11-03 21:04:18,933 - collect_demo - INFO - Total steps: 7304
2018-11-03 21:04:18,933 - collect_demo - INFO - Total reward: 4750.0
2018-11-03 21:04:18,933 - collect_demo - INFO - Total Replay memory saved: 1840
2018-11-03 21:04:18,933 - replay_memory - INFO - Resizing replay memory...
2018-11-03 21:04:18,933 - replay_memory - DEBUG - Current specs: size=1840 max_steps=100000
2018-11-03 21:04:18,934 - replay_memory - DEBUG -     images shape: (100000, 84, 84)
2018-11-03 21:04:18,934 - replay_memory - DEBUG -     actions shape: (100000,)
2018-11-03 21:04:18,934 - replay_memory - DEBUG -     rewards shape: (100000,)
2018-11-03 21:04:18,934 - replay_memory - DEBUG -     terminal shape: (100000,)
2018-11-03 21:04:18,934 - replay_memory - DEBUG -     lives shape: (100000,)
2018-11-03 21:04:18,934 - replay_memory - DEBUG -     full_state shape: (100000, 1021)
2018-11-03 21:04:19,067 - replay_memory - INFO - Resizing completed!
2018-11-03 21:04:19,067 - replay_memory - DEBUG - Updated specs: size=1840 max_steps=1840
2018-11-03 21:04:19,067 - replay_memory - DEBUG -     images shape: (1840, 84, 84)
2018-11-03 21:04:19,067 - replay_memory - DEBUG -     actions shape: (1840,)
2018-11-03 21:04:19,068 - replay_memory - DEBUG -     rewards shape: (1840,)
2018-11-03 21:04:19,068 - replay_memory - DEBUG -     terminal shape: (1840,)
2018-11-03 21:04:19,068 - replay_memory - DEBUG -     lives shape: (1840,)
2018-11-03 21:04:19,068 - replay_memory - DEBUG -     full_state shape: (1840, 1021)
2018-11-03 21:04:19,072 - replay_memory - INFO - Compressing and saving replay memory...
2018-11-03 21:04:19,182 - replay_memory - INFO - Compressed and saved replay memory
2018-11-03 21:04:19,201 - collect_demo - DEBUG - steps / episode: [6648, 7304]
2018-11-03 21:04:19,202 - collect_demo - DEBUG - reward / episode: [3800.0, 4750.0]
2018-11-03 21:04:19,202 - collect_demo - DEBUG - mean steps: 6976.0 / mean reward: 4275.0
2018-11-03 21:04:19,202 - collect_demo - DEBUG - duration / episode:
2018-11-03 21:04:19,202 - collect_demo - DEBUG -     0:01:50.802615
2018-11-03 21:04:19,203 - collect_demo - DEBUG -     0:02:01.735964
2018-11-03 21:04:19,203 - collect_demo - DEBUG - total duration: 0:03:52.538579
2018-11-03 21:04:19,203 - collect_demo - DEBUG - mem size / episode: [1676, 1840]
2018-11-03 21:04:19,203 - collect_demo - DEBUG - total memory size: 3516
2018-11-03 21:04:19,204 - collect_demo - DEBUG - total # of episodes: 2
