2018-11-03 14:10:35,656 - atari_wrapper - INFO - ALE lives: 3
2018-11-03 14:10:35,656 - atari_wrapper - INFO - ALE frameskip: 1 / 1
2018-11-03 14:10:35,656 - atari_wrapper - INFO - ALE repeat_action_probability: 0.0
2018-11-03 14:10:35,656 - atari_wrapper - INFO - Gym action_space: Discrete(8)
2018-11-03 14:10:35,656 - atari_wrapper - INFO - AtariWrapper frameskip: 1
2018-11-03 14:10:35,656 - atari_wrapper - INFO - AtariWrapper noop_max: 30
2018-11-03 14:10:35,656 - atari_wrapper - INFO - EpisodicLifeEnv: True
2018-11-03 14:10:35,657 - atari_wrapper - INFO - FireResetEnv: True
2018-11-03 14:10:35,657 - atari_wrapper - INFO - WarpFrame: True
2018-11-03 14:10:35,657 - atari_wrapper - INFO - HumanDemoEnv: True
2018-11-03 14:10:36,040 - game_state - INFO - ['NOOP', 'FIRE', 'UP', 'RIGHT', 'LEFT', 'UPFIRE', 'RIGHTFIRE', 'LEFTFIRE']
2018-11-03 14:14:07,206 - collect_demo - INFO - Duration: 0:03:30.135862
2018-11-03 14:14:07,206 - collect_demo - INFO - Total steps: 12608
2018-11-03 14:14:07,206 - collect_demo - INFO - Total reward: 5680.0
2018-11-03 14:14:07,206 - collect_demo - INFO - Total Replay memory saved: 3185
2018-11-03 14:14:07,207 - replay_memory - INFO - Resizing replay memory...
2018-11-03 14:14:07,207 - replay_memory - DEBUG - Current specs: size=3185 max_steps=100000
2018-11-03 14:14:07,207 - replay_memory - DEBUG -     images shape: (100000, 84, 84)
2018-11-03 14:14:07,207 - replay_memory - DEBUG -     actions shape: (100000,)
2018-11-03 14:14:07,207 - replay_memory - DEBUG -     rewards shape: (100000,)
2018-11-03 14:14:07,207 - replay_memory - DEBUG -     terminal shape: (100000,)
2018-11-03 14:14:07,207 - replay_memory - DEBUG -     lives shape: (100000,)
2018-11-03 14:14:07,207 - replay_memory - DEBUG -     full_state shape: (100000, 1017)
2018-11-03 14:14:07,325 - replay_memory - INFO - Resizing completed!
2018-11-03 14:14:07,325 - replay_memory - DEBUG - Updated specs: size=3185 max_steps=3185
2018-11-03 14:14:07,325 - replay_memory - DEBUG -     images shape: (3185, 84, 84)
2018-11-03 14:14:07,326 - replay_memory - DEBUG -     actions shape: (3185,)
2018-11-03 14:14:07,326 - replay_memory - DEBUG -     rewards shape: (3185,)
2018-11-03 14:14:07,326 - replay_memory - DEBUG -     terminal shape: (3185,)
2018-11-03 14:14:07,326 - replay_memory - DEBUG -     lives shape: (3185,)
2018-11-03 14:14:07,326 - replay_memory - DEBUG -     full_state shape: (3185, 1017)
2018-11-03 14:14:07,332 - replay_memory - INFO - Compressing and saving replay memory...
2018-11-03 14:14:07,476 - replay_memory - INFO - Compressed and saved replay memory
2018-11-03 14:15:56,980 - collect_demo - INFO - Duration: 0:01:48.169921
2018-11-03 14:15:56,980 - collect_demo - INFO - Total steps: 6490
2018-11-03 14:15:56,980 - collect_demo - INFO - Total reward: 2040.0
2018-11-03 14:15:56,980 - collect_demo - INFO - Total Replay memory saved: 1637
2018-11-03 14:15:56,980 - replay_memory - INFO - Resizing replay memory...
2018-11-03 14:15:56,980 - replay_memory - DEBUG - Current specs: size=1637 max_steps=100000
2018-11-03 14:15:56,981 - replay_memory - DEBUG -     images shape: (100000, 84, 84)
2018-11-03 14:15:56,981 - replay_memory - DEBUG -     actions shape: (100000,)
2018-11-03 14:15:56,981 - replay_memory - DEBUG -     rewards shape: (100000,)
2018-11-03 14:15:56,981 - replay_memory - DEBUG -     terminal shape: (100000,)
2018-11-03 14:15:56,981 - replay_memory - DEBUG -     lives shape: (100000,)
2018-11-03 14:15:56,981 - replay_memory - DEBUG -     full_state shape: (100000, 1017)
2018-11-03 14:15:57,090 - replay_memory - INFO - Resizing completed!
2018-11-03 14:15:57,090 - replay_memory - DEBUG - Updated specs: size=1637 max_steps=1637
2018-11-03 14:15:57,090 - replay_memory - DEBUG -     images shape: (1637, 84, 84)
2018-11-03 14:15:57,091 - replay_memory - DEBUG -     actions shape: (1637,)
2018-11-03 14:15:57,091 - replay_memory - DEBUG -     rewards shape: (1637,)
2018-11-03 14:15:57,091 - replay_memory - DEBUG -     terminal shape: (1637,)
2018-11-03 14:15:57,091 - replay_memory - DEBUG -     lives shape: (1637,)
2018-11-03 14:15:57,091 - replay_memory - DEBUG -     full_state shape: (1637, 1017)
2018-11-03 14:15:57,094 - replay_memory - INFO - Compressing and saving replay memory...
2018-11-03 14:15:57,172 - replay_memory - INFO - Compressed and saved replay memory
2018-11-03 14:15:57,196 - collect_demo - DEBUG - steps / episode: [12608, 6490]
2018-11-03 14:15:57,196 - collect_demo - DEBUG - reward / episode: [5680.0, 2040.0]
2018-11-03 14:15:57,196 - collect_demo - DEBUG - mean steps: 9549.0 / mean reward: 3860.0
2018-11-03 14:15:57,196 - collect_demo - DEBUG - duration / episode:
2018-11-03 14:15:57,196 - collect_demo - DEBUG -     0:03:30.135862
2018-11-03 14:15:57,197 - collect_demo - DEBUG -     0:01:48.169921
2018-11-03 14:15:57,197 - collect_demo - DEBUG - total duration: 0:05:18.305783
2018-11-03 14:15:57,197 - collect_demo - DEBUG - mem size / episode: [3185, 1637]
2018-11-03 14:15:57,197 - collect_demo - DEBUG - total memory size: 4822
2018-11-03 14:15:57,197 - collect_demo - DEBUG - total # of episodes: 2
