2018-11-03 14:06:37,864 - atari_wrapper - INFO - ALE lives: 3
2018-11-03 14:06:37,864 - atari_wrapper - INFO - ALE frameskip: 1 / 1
2018-11-03 14:06:37,864 - atari_wrapper - INFO - ALE repeat_action_probability: 0.0
2018-11-03 14:06:37,864 - atari_wrapper - INFO - Gym action_space: Discrete(8)
2018-11-03 14:06:37,865 - atari_wrapper - INFO - AtariWrapper frameskip: 1
2018-11-03 14:06:37,865 - atari_wrapper - INFO - AtariWrapper noop_max: 30
2018-11-03 14:06:37,865 - atari_wrapper - INFO - EpisodicLifeEnv: True
2018-11-03 14:06:37,865 - atari_wrapper - INFO - FireResetEnv: True
2018-11-03 14:06:37,865 - atari_wrapper - INFO - WarpFrame: True
2018-11-03 14:06:37,865 - atari_wrapper - INFO - HumanDemoEnv: True
2018-11-03 14:06:38,196 - game_state - INFO - ['NOOP', 'FIRE', 'UP', 'RIGHT', 'LEFT', 'UPFIRE', 'RIGHTFIRE', 'LEFTFIRE']
2018-11-03 14:08:35,342 - collect_demo - INFO - Duration: 0:01:56.085936
2018-11-03 14:08:35,342 - collect_demo - INFO - Total steps: 6965
2018-11-03 14:08:35,342 - collect_demo - INFO - Total reward: 2520.0
2018-11-03 14:08:35,342 - collect_demo - INFO - Total Replay memory saved: 1756
2018-11-03 14:08:35,342 - replay_memory - INFO - Resizing replay memory...
2018-11-03 14:08:35,342 - replay_memory - DEBUG - Current specs: size=1756 max_steps=100000
2018-11-03 14:08:35,343 - replay_memory - DEBUG -     images shape: (100000, 84, 84)
2018-11-03 14:08:35,343 - replay_memory - DEBUG -     actions shape: (100000,)
2018-11-03 14:08:35,343 - replay_memory - DEBUG -     rewards shape: (100000,)
2018-11-03 14:08:35,343 - replay_memory - DEBUG -     terminal shape: (100000,)
2018-11-03 14:08:35,343 - replay_memory - DEBUG -     lives shape: (100000,)
2018-11-03 14:08:35,343 - replay_memory - DEBUG -     full_state shape: (100000, 1017)
2018-11-03 14:08:35,451 - replay_memory - INFO - Resizing completed!
2018-11-03 14:08:35,451 - replay_memory - DEBUG - Updated specs: size=1756 max_steps=1756
2018-11-03 14:08:35,452 - replay_memory - DEBUG -     images shape: (1756, 84, 84)
2018-11-03 14:08:35,452 - replay_memory - DEBUG -     actions shape: (1756,)
2018-11-03 14:08:35,452 - replay_memory - DEBUG -     rewards shape: (1756,)
2018-11-03 14:08:35,452 - replay_memory - DEBUG -     terminal shape: (1756,)
2018-11-03 14:08:35,452 - replay_memory - DEBUG -     lives shape: (1756,)
2018-11-03 14:08:35,452 - replay_memory - DEBUG -     full_state shape: (1756, 1017)
2018-11-03 14:08:35,455 - replay_memory - INFO - Compressing and saving replay memory...
2018-11-03 14:08:35,538 - replay_memory - INFO - Compressed and saved replay memory
2018-11-03 14:09:54,942 - collect_demo - INFO - Duration: 0:01:17.903336
2018-11-03 14:09:54,942 - collect_demo - INFO - Total steps: 4674
2018-11-03 14:09:54,942 - collect_demo - INFO - Total reward: 1420.0
2018-11-03 14:09:54,942 - collect_demo - INFO - Total Replay memory saved: 1183
2018-11-03 14:09:54,942 - replay_memory - INFO - Resizing replay memory...
2018-11-03 14:09:54,942 - replay_memory - DEBUG - Current specs: size=1183 max_steps=100000
2018-11-03 14:09:54,943 - replay_memory - DEBUG -     images shape: (100000, 84, 84)
2018-11-03 14:09:54,943 - replay_memory - DEBUG -     actions shape: (100000,)
2018-11-03 14:09:54,943 - replay_memory - DEBUG -     rewards shape: (100000,)
2018-11-03 14:09:54,943 - replay_memory - DEBUG -     terminal shape: (100000,)
2018-11-03 14:09:54,943 - replay_memory - DEBUG -     lives shape: (100000,)
2018-11-03 14:09:54,943 - replay_memory - DEBUG -     full_state shape: (100000, 1017)
2018-11-03 14:09:55,052 - replay_memory - INFO - Resizing completed!
2018-11-03 14:09:55,052 - replay_memory - DEBUG - Updated specs: size=1183 max_steps=1183
2018-11-03 14:09:55,052 - replay_memory - DEBUG -     images shape: (1183, 84, 84)
2018-11-03 14:09:55,053 - replay_memory - DEBUG -     actions shape: (1183,)
2018-11-03 14:09:55,053 - replay_memory - DEBUG -     rewards shape: (1183,)
2018-11-03 14:09:55,053 - replay_memory - DEBUG -     terminal shape: (1183,)
2018-11-03 14:09:55,053 - replay_memory - DEBUG -     lives shape: (1183,)
2018-11-03 14:09:55,053 - replay_memory - DEBUG -     full_state shape: (1183, 1017)
2018-11-03 14:09:55,055 - replay_memory - INFO - Compressing and saving replay memory...
2018-11-03 14:09:55,111 - replay_memory - INFO - Compressed and saved replay memory
2018-11-03 14:09:55,130 - collect_demo - DEBUG - steps / episode: [6965, 4674]
2018-11-03 14:09:55,130 - collect_demo - DEBUG - reward / episode: [2520.0, 1420.0]
2018-11-03 14:09:55,130 - collect_demo - DEBUG - mean steps: 5819.5 / mean reward: 1970.0
2018-11-03 14:09:55,130 - collect_demo - DEBUG - duration / episode:
2018-11-03 14:09:55,131 - collect_demo - DEBUG -     0:01:56.085936
2018-11-03 14:09:55,131 - collect_demo - DEBUG -     0:01:17.903336
2018-11-03 14:09:55,131 - collect_demo - DEBUG - total duration: 0:03:13.989272
2018-11-03 14:09:55,131 - collect_demo - DEBUG - mem size / episode: [1756, 1183]
2018-11-03 14:09:55,131 - collect_demo - DEBUG - total memory size: 2939
2018-11-03 14:09:55,131 - collect_demo - DEBUG - total # of episodes: 2
