2020-05-16 00:29:34,984 - atari_wrapper - INFO - ALE lives: 3
2020-05-16 00:29:34,985 - atari_wrapper - INFO - ALE frameskip: 1 / 1
2020-05-16 00:29:34,985 - atari_wrapper - INFO - ALE repeat_action_probability: 0.0
2020-05-16 00:29:34,985 - atari_wrapper - INFO - Gym action_space: Discrete(18)
2020-05-16 00:29:34,985 - atari_wrapper - INFO - AtariWrapper frameskip: 1
2020-05-16 00:29:34,985 - atari_wrapper - INFO - AtariWrapper noop_max: 30
2020-05-16 00:29:34,985 - atari_wrapper - INFO - EpisodicLifeEnv: True
2020-05-16 00:29:34,986 - atari_wrapper - INFO - FireResetEnv: True
2020-05-16 00:29:34,986 - atari_wrapper - INFO - WarpFrame: True
2020-05-16 00:29:34,986 - atari_wrapper - INFO - ALE sound: False
2020-05-16 00:29:34,986 - atari_wrapper - INFO - HumanDemoEnv: True
2020-05-16 00:29:35,000 - atari_wrapper - INFO - Joystick: Sony Interactive Entertainment Wireless Controller
2020-05-16 00:29:35,066 - game_state - INFO - ['NOOP', 'FIRE', 'UP', 'RIGHT', 'LEFT', 'DOWN', 'UPRIGHT', 'UPLEFT', 'DOWNRIGHT', 'DOWNLEFT', 'UPFIRE', 'RIGHTFIRE', 'LEFTFIRE', 'DOWNFIRE', 'UPRIGHTFIRE', 'UPLEFTFIRE', 'DOWNRIGHTFIRE', 'DOWNLEFTFIRE']
2020-05-16 00:46:34,222 - collect_demo - INFO - Duration: 0:16:59.082393
2020-05-16 00:46:34,223 - collect_demo - INFO - Total steps: 14783
2020-05-16 00:46:34,224 - collect_demo - INFO - Total reward: 7850.0
2020-05-16 00:46:34,225 - collect_demo - INFO - Total Replay memory saved: 3715
2020-05-16 00:46:34,226 - replay_memory - INFO - Resizing replay memory...
2020-05-16 00:46:34,227 - replay_memory - DEBUG - Current specs: size=3715 max_steps=100000
2020-05-16 00:46:34,228 - replay_memory - DEBUG -     images shape: (100000, 84, 84)
2020-05-16 00:46:34,228 - replay_memory - DEBUG -     actions shape: (100000,)
2020-05-16 00:46:34,229 - replay_memory - DEBUG -     rewards shape: (100000,)
2020-05-16 00:46:34,229 - replay_memory - DEBUG -     terminal shape: (100000,)
2020-05-16 00:46:34,229 - replay_memory - DEBUG -     lives shape: (100000,)
2020-05-16 00:46:34,229 - replay_memory - DEBUG -     full_state shape: (100000, 1017)
2020-05-16 00:46:34,319 - replay_memory - INFO - Resizing completed!
2020-05-16 00:46:34,319 - replay_memory - DEBUG - Updated specs: size=3715 max_steps=3715
2020-05-16 00:46:34,320 - replay_memory - DEBUG -     images shape: (3715, 84, 84)
2020-05-16 00:46:34,320 - replay_memory - DEBUG -     actions shape: (3715,)
2020-05-16 00:46:34,320 - replay_memory - DEBUG -     rewards shape: (3715,)
2020-05-16 00:46:34,320 - replay_memory - DEBUG -     terminal shape: (3715,)
2020-05-16 00:46:34,321 - replay_memory - DEBUG -     lives shape: (3715,)
2020-05-16 00:46:34,321 - replay_memory - DEBUG -     full_state shape: (3715, 1017)
2020-05-16 00:46:34,327 - replay_memory - INFO - Compressing and saving replay memory...
2020-05-16 00:46:34,480 - replay_memory - INFO - Compressed and saved replay memory
2020-05-16 00:46:37,095 - collect_demo - DEBUG - steps / episode: [14783]
2020-05-16 00:46:37,097 - collect_demo - DEBUG - reward / episode: [7850.0]
2020-05-16 00:46:37,098 - collect_demo - DEBUG - mean steps: 14783.0 / mean reward: 7850.0
2020-05-16 00:46:37,099 - collect_demo - DEBUG - duration / episode:
2020-05-16 00:46:37,100 - collect_demo - DEBUG -     0:16:59.082393
2020-05-16 00:46:37,100 - collect_demo - DEBUG - total duration: 0:16:59.082393
2020-05-16 00:46:37,101 - collect_demo - DEBUG - mem size / episode: [3715]
2020-05-16 00:46:37,102 - collect_demo - DEBUG - total memory size: 3715
2020-05-16 00:46:37,102 - collect_demo - DEBUG - total # of episodes: 1
