2018-11-03 20:47:41,110 - atari_wrapper - INFO - ALE lives: 3
2018-11-03 20:47:41,110 - atari_wrapper - INFO - ALE frameskip: 1 / 1
2018-11-03 20:47:41,110 - atari_wrapper - INFO - ALE repeat_action_probability: 0.0
2018-11-03 20:47:41,110 - atari_wrapper - INFO - Gym action_space: Discrete(9)
2018-11-03 20:47:41,110 - atari_wrapper - INFO - AtariWrapper frameskip: 1
2018-11-03 20:47:41,111 - atari_wrapper - INFO - AtariWrapper noop_max: 30
2018-11-03 20:47:41,111 - atari_wrapper - INFO - EpisodicLifeEnv: True
2018-11-03 20:47:41,111 - atari_wrapper - INFO - WarpFrame: True
2018-11-03 20:47:41,111 - atari_wrapper - INFO - HumanDemoEnv: True
2018-11-03 20:47:41,540 - game_state - INFO - ['NOOP', 'UP', 'RIGHT', 'LEFT', 'DOWN', 'UPRIGHT', 'UPLEFT', 'DOWNRIGHT', 'DOWNLEFT']
2018-11-03 20:51:39,770 - collect_demo - INFO - Duration: 0:03:53.169706
2018-11-03 20:51:39,770 - collect_demo - INFO - Total steps: 13990
2018-11-03 20:51:39,771 - collect_demo - INFO - Total reward: 18241.0
2018-11-03 20:51:39,771 - collect_demo - INFO - Total Replay memory saved: 3518
2018-11-03 20:51:39,771 - replay_memory - INFO - Resizing replay memory...
2018-11-03 20:51:39,771 - replay_memory - DEBUG - Current specs: size=3518 max_steps=100000
2018-11-03 20:51:39,771 - replay_memory - DEBUG -     images shape: (100000, 84, 84)
2018-11-03 20:51:39,771 - replay_memory - DEBUG -     actions shape: (100000,)
2018-11-03 20:51:39,771 - replay_memory - DEBUG -     rewards shape: (100000,)
2018-11-03 20:51:39,771 - replay_memory - DEBUG -     terminal shape: (100000,)
2018-11-03 20:51:39,772 - replay_memory - DEBUG -     lives shape: (100000,)
2018-11-03 20:51:39,772 - replay_memory - DEBUG -     full_state shape: (100000, 1021)
2018-11-03 20:51:39,951 - replay_memory - INFO - Resizing completed!
2018-11-03 20:51:39,951 - replay_memory - DEBUG - Updated specs: size=3518 max_steps=3518
2018-11-03 20:51:39,951 - replay_memory - DEBUG -     images shape: (3518, 84, 84)
2018-11-03 20:51:39,951 - replay_memory - DEBUG -     actions shape: (3518,)
2018-11-03 20:51:39,952 - replay_memory - DEBUG -     rewards shape: (3518,)
2018-11-03 20:51:39,952 - replay_memory - DEBUG -     terminal shape: (3518,)
2018-11-03 20:51:39,952 - replay_memory - DEBUG -     lives shape: (3518,)
2018-11-03 20:51:39,952 - replay_memory - DEBUG -     full_state shape: (3518, 1021)
2018-11-03 20:51:39,960 - replay_memory - INFO - Compressing and saving replay memory...
2018-11-03 20:51:40,193 - replay_memory - INFO - Compressed and saved replay memory
2018-11-03 20:53:07,585 - collect_demo - INFO - Duration: 0:01:25.786081
2018-11-03 20:53:07,585 - collect_demo - INFO - Total steps: 5147
2018-11-03 20:53:07,586 - collect_demo - INFO - Total reward: 7580.0
2018-11-03 20:53:07,586 - collect_demo - INFO - Total Replay memory saved: 1302
2018-11-03 20:53:07,586 - replay_memory - INFO - Resizing replay memory...
2018-11-03 20:53:07,586 - replay_memory - DEBUG - Current specs: size=1302 max_steps=100000
2018-11-03 20:53:07,586 - replay_memory - DEBUG -     images shape: (100000, 84, 84)
2018-11-03 20:53:07,586 - replay_memory - DEBUG -     actions shape: (100000,)
2018-11-03 20:53:07,586 - replay_memory - DEBUG -     rewards shape: (100000,)
2018-11-03 20:53:07,586 - replay_memory - DEBUG -     terminal shape: (100000,)
2018-11-03 20:53:07,587 - replay_memory - DEBUG -     lives shape: (100000,)
2018-11-03 20:53:07,587 - replay_memory - DEBUG -     full_state shape: (100000, 1021)
2018-11-03 20:53:07,720 - replay_memory - INFO - Resizing completed!
2018-11-03 20:53:07,720 - replay_memory - DEBUG - Updated specs: size=1302 max_steps=1302
2018-11-03 20:53:07,721 - replay_memory - DEBUG -     images shape: (1302, 84, 84)
2018-11-03 20:53:07,721 - replay_memory - DEBUG -     actions shape: (1302,)
2018-11-03 20:53:07,721 - replay_memory - DEBUG -     rewards shape: (1302,)
2018-11-03 20:53:07,721 - replay_memory - DEBUG -     terminal shape: (1302,)
2018-11-03 20:53:07,721 - replay_memory - DEBUG -     lives shape: (1302,)
2018-11-03 20:53:07,721 - replay_memory - DEBUG -     full_state shape: (1302, 1021)
2018-11-03 20:53:07,725 - replay_memory - INFO - Compressing and saving replay memory...
2018-11-03 20:53:07,814 - replay_memory - INFO - Compressed and saved replay memory
2018-11-03 20:53:07,830 - collect_demo - DEBUG - steps / episode: [13990, 5147]
2018-11-03 20:53:07,830 - collect_demo - DEBUG - reward / episode: [18241.0, 7580.0]
2018-11-03 20:53:07,830 - collect_demo - DEBUG - mean steps: 9568.5 / mean reward: 12910.5
2018-11-03 20:53:07,831 - collect_demo - DEBUG - duration / episode:
2018-11-03 20:53:07,831 - collect_demo - DEBUG -     0:03:53.169706
2018-11-03 20:53:07,831 - collect_demo - DEBUG -     0:01:25.786081
2018-11-03 20:53:07,831 - collect_demo - DEBUG - total duration: 0:05:18.955787
2018-11-03 20:53:07,832 - collect_demo - DEBUG - mem size / episode: [3518, 1302]
2018-11-03 20:53:07,832 - collect_demo - DEBUG - total memory size: 4820
2018-11-03 20:53:07,832 - collect_demo - DEBUG - total # of episodes: 2
