2018-11-03 15:50:12,158 - atari_wrapper - INFO - ALE lives: 3
2018-11-03 15:50:12,158 - atari_wrapper - INFO - ALE frameskip: 1 / 1
2018-11-03 15:50:12,159 - atari_wrapper - INFO - ALE repeat_action_probability: 0.0
2018-11-03 15:50:12,159 - atari_wrapper - INFO - Gym action_space: Discrete(9)
2018-11-03 15:50:12,159 - atari_wrapper - INFO - AtariWrapper frameskip: 1
2018-11-03 15:50:12,159 - atari_wrapper - INFO - AtariWrapper noop_max: 30
2018-11-03 15:50:12,159 - atari_wrapper - INFO - EpisodicLifeEnv: True
2018-11-03 15:50:12,159 - atari_wrapper - INFO - WarpFrame: True
2018-11-03 15:50:12,159 - atari_wrapper - INFO - HumanDemoEnv: True
2018-11-03 15:50:12,491 - game_state - INFO - ['NOOP', 'UP', 'RIGHT', 'LEFT', 'DOWN', 'UPRIGHT', 'UPLEFT', 'DOWNRIGHT', 'DOWNLEFT']
2018-11-03 15:51:22,942 - collect_demo - INFO - Duration: 0:01:09.452500
2018-11-03 15:51:22,942 - collect_demo - INFO - Total steps: 4167
2018-11-03 15:51:22,942 - collect_demo - INFO - Total reward: 4020.0
2018-11-03 15:51:22,942 - collect_demo - INFO - Total Replay memory saved: 1057
2018-11-03 15:51:22,942 - replay_memory - INFO - Resizing replay memory...
2018-11-03 15:51:22,942 - replay_memory - DEBUG - Current specs: size=1057 max_steps=100000
2018-11-03 15:51:22,943 - replay_memory - DEBUG -     images shape: (100000, 84, 84)
2018-11-03 15:51:22,943 - replay_memory - DEBUG -     actions shape: (100000,)
2018-11-03 15:51:22,943 - replay_memory - DEBUG -     rewards shape: (100000,)
2018-11-03 15:51:22,943 - replay_memory - DEBUG -     terminal shape: (100000,)
2018-11-03 15:51:22,943 - replay_memory - DEBUG -     lives shape: (100000,)
2018-11-03 15:51:22,944 - replay_memory - DEBUG -     full_state shape: (100000, 1021)
2018-11-03 15:51:23,051 - replay_memory - INFO - Resizing completed!
2018-11-03 15:51:23,051 - replay_memory - DEBUG - Updated specs: size=1057 max_steps=1057
2018-11-03 15:51:23,051 - replay_memory - DEBUG -     images shape: (1057, 84, 84)
2018-11-03 15:51:23,051 - replay_memory - DEBUG -     actions shape: (1057,)
2018-11-03 15:51:23,052 - replay_memory - DEBUG -     rewards shape: (1057,)
2018-11-03 15:51:23,052 - replay_memory - DEBUG -     terminal shape: (1057,)
2018-11-03 15:51:23,052 - replay_memory - DEBUG -     lives shape: (1057,)
2018-11-03 15:51:23,052 - replay_memory - DEBUG -     full_state shape: (1057, 1021)
2018-11-03 15:51:23,054 - replay_memory - INFO - Compressing and saving replay memory...
2018-11-03 15:51:23,116 - replay_memory - INFO - Compressed and saved replay memory
2018-11-03 15:54:53,434 - collect_demo - INFO - Duration: 0:03:29.369155
2018-11-03 15:54:53,435 - collect_demo - INFO - Total steps: 12562
2018-11-03 15:54:53,435 - collect_demo - INFO - Total reward: 13331.0
2018-11-03 15:54:53,435 - collect_demo - INFO - Total Replay memory saved: 3161
2018-11-03 15:54:53,435 - replay_memory - INFO - Resizing replay memory...
2018-11-03 15:54:53,436 - replay_memory - DEBUG - Current specs: size=3161 max_steps=100000
2018-11-03 15:54:53,436 - replay_memory - DEBUG -     images shape: (100000, 84, 84)
2018-11-03 15:54:53,436 - replay_memory - DEBUG -     actions shape: (100000,)
2018-11-03 15:54:53,436 - replay_memory - DEBUG -     rewards shape: (100000,)
2018-11-03 15:54:53,437 - replay_memory - DEBUG -     terminal shape: (100000,)
2018-11-03 15:54:53,437 - replay_memory - DEBUG -     lives shape: (100000,)
2018-11-03 15:54:53,438 - replay_memory - DEBUG -     full_state shape: (100000, 1021)
2018-11-03 15:54:53,567 - replay_memory - INFO - Resizing completed!
2018-11-03 15:54:53,567 - replay_memory - DEBUG - Updated specs: size=3161 max_steps=3161
2018-11-03 15:54:53,567 - replay_memory - DEBUG -     images shape: (3161, 84, 84)
2018-11-03 15:54:53,567 - replay_memory - DEBUG -     actions shape: (3161,)
2018-11-03 15:54:53,568 - replay_memory - DEBUG -     rewards shape: (3161,)
2018-11-03 15:54:53,568 - replay_memory - DEBUG -     terminal shape: (3161,)
2018-11-03 15:54:53,568 - replay_memory - DEBUG -     lives shape: (3161,)
2018-11-03 15:54:53,568 - replay_memory - DEBUG -     full_state shape: (3161, 1021)
2018-11-03 15:54:53,573 - replay_memory - INFO - Compressing and saving replay memory...
2018-11-03 15:54:53,747 - replay_memory - INFO - Compressed and saved replay memory
2018-11-03 15:54:53,766 - collect_demo - DEBUG - steps / episode: [4167, 12562]
2018-11-03 15:54:53,766 - collect_demo - DEBUG - reward / episode: [4020.0, 13331.0]
2018-11-03 15:54:53,767 - collect_demo - DEBUG - mean steps: 8364.5 / mean reward: 8675.5
2018-11-03 15:54:53,767 - collect_demo - DEBUG - duration / episode:
2018-11-03 15:54:53,767 - collect_demo - DEBUG -     0:01:09.452500
2018-11-03 15:54:53,767 - collect_demo - DEBUG -     0:03:29.369155
2018-11-03 15:54:53,767 - collect_demo - DEBUG - total duration: 0:04:38.821655
2018-11-03 15:54:53,767 - collect_demo - DEBUG - mem size / episode: [1057, 3161]
2018-11-03 15:54:53,767 - collect_demo - DEBUG - total memory size: 4218
2018-11-03 15:54:53,768 - collect_demo - DEBUG - total # of episodes: 2
